<?xml version="1.0" encoding="UTF-8"?>
<!-- Generated by org.testng.reporters.JUnitReportReporter -->
<testsuite hostname="LAPTOP-5DBSC07H" failures="0" tests="1" name="common.Base" time="0.014" errors="0" timestamp="2022-10-10T12:41:29 IST" skipped="0">
  <testcase classname="common.Base" name="initializeBrowser" time="0.014"/>
  <system-out/>
</testsuite> <!-- common.Base -->
