<?xml version="1.0" encoding="UTF-8"?>
<!-- Generated by org.testng.reporters.JUnitReportReporter -->
<testsuite hostname="LAPTOP-5DBSC07H" failures="0" tests="1" name="runner.TestRunner" time="6.818" errors="0" timestamp="2022-10-11T16:48:02 IST" skipped="0">
  <testcase classname="runner.TestRunner" name="runScenario" time="6.818"/>
  <system-out/>
</testsuite> <!-- runner.TestRunner -->
